This is pdfTeX, Version 3.141592653-2.6-1.40.22 (TeX Live 2022/dev/Debian) (preloaded format=pdflatex 2024.5.12)  12 MAY 2024 20:47
entering extended mode
 restricted \write18 enabled.
 file:line:error style messages enabled.
 %&-line parsing enabled.
**/home/anakin/snow/report/hello.tex
(/home/anakin/snow/report/hello.tex
LaTeX2e <2021-11-15> patch level 1
L3 programming layer <2022-01-21> (/usr/share/texlive/texmf-dist/tex/latex/base/article.cls
Document Class: article 2021/10/04 v1.4n Standard LaTeX document class
(/usr/share/texlive/texmf-dist/tex/latex/base/size10.clo
File: size10.clo 2021/10/04 v1.4n Standard LaTeX file (size option)
)
\c@part=\count185
\c@section=\count186
\c@subsection=\count187
\c@subsubsection=\count188
\c@paragraph=\count189
\c@subparagraph=\count190
\c@figure=\count191
\c@table=\count192
\abovecaptionskip=\skip47
\belowcaptionskip=\skip48
\bibindent=\dimen138
)
/home/anakin/snow/report/hello.tex:2: Undefined control sequence.
<recently read> \beginable 
                           
l.2 \beginable
              {document}
The control sequence at the end of the top line
of your error message was never \def'ed. If you have
misspelled it (e.g., `\hobx'), type `I' and the correct
spelling (e.g., `I\hbox'). Otherwise just continue,
and I'll forget about whatever was undefined.


/home/anakin/snow/report/hello.tex:2: LaTeX Error: Missing \begin{document}.

See the LaTeX manual or LaTeX Companion for explanation.
Type  H <return>  for immediate help.
 ...                                              
                                                  
l.2 \beginable{d
                ocument}
You're in trouble here.  Try typing  <return>  to proceed.
If that doesn't work, type  X <return>  to quit.

[1



pdfTeX warning: pdflatex (file pdftex.map): cannot open font map file
]
\gdef \@abspage@last{1}
(./hello.aux) ) 
Here is how much of TeX's memory you used:
 239 strings out of 480247
 3152 string characters out of 5896151
 286580 words of memory out of 5000000
 18270 multiletter control sequences out of 15000+600000
 469259 words of font info for 28 fonts, out of 8000000 for 9000
 14 hyphenation exceptions out of 8191
 34i,5n,38p,169b,117s stack positions out of 5000i,500n,10000p,200000b,80000s
 </usr/share/texlive/texmf-dist/fonts/pk/ljfour/public/cm/dpi600/cmr10.pk>
Output written on hello.pdf (1 page, 5755 bytes).
PDF statistics:
 29 PDF objects out of 1000 (max. 8388607)
 8 compressed objects within 1 object stream
 0 named destinations out of 1000 (max. 500000)
 1 words of extra memory for PDF output out of 10000 (max. 10000000)

